2025-05-05 16:14:39,%f Запуск программы make_report.py
2025-05-05 16:14:39,%f Указан путь к файлу: ../ex02/data.csv
2025-05-05 16:14:39,%f Создание объекта Research
2025-05-05 16:14:39,%f Инициализация объекта Research с файлом ../ex02/data.csv
2025-05-05 16:14:39,%f Чтение файла ../ex02/data.csv с параметром has_header=True
2025-05-05 16:14:39,%f Успешно прочитан файл, получено 12 записей
2025-05-05 16:14:39,%f Создание объекта Analytics
2025-05-05 16:14:39,%f Инициализация объекта Analytics
2025-05-05 16:14:39,%f Инициализация объекта Calculations
2025-05-05 16:14:39,%f Подсчет орлов и решек
2025-05-05 16:14:39,%f Подсчет количества орлов и решек
2025-05-05 16:14:39,%f Подсчитано: 4 орлов и 8 решек
2025-05-05 16:14:39,%f Расчет процентов орлов и решек
2025-05-05 16:14:39,%f Расчет процентного соотношения орлов и решек
2025-05-05 16:14:39,%f Рассчитаны проценты: 33.33% орлов и 66.67% решек
2025-05-05 16:14:39,%f Генерация 3 случайных предсказаний
2025-05-05 16:14:39,%f Сгенерировано 3 предсказаний
2025-05-05 16:14:39,%f Расчет прогноза
2025-05-05 16:14:39,%f Прогноз: 1 орлов и 2 решек
2025-05-05 16:14:39,%f Формирование отчета
2025-05-05 16:14:39,%f Сохранение данных в файл report.txt
2025-05-05 16:14:39,%f Файл report.txt успешно сохранен
2025-05-05 16:14:39,%f Отправка уведомления в Telegram
2025-05-05 16:14:50,%f Уведомление успешно отправлено в Telegram
